<?xml version="1.0" encoding="UTF-8"?>
<!-- Generated by org.testng.reporters.JUnitReportReporter -->
<testsuite skipped="0" hostname="User-PC" name="pages.LoginPage" tests="1" failures="0" timestamp="09 Dec 2018 14:15:52 GMT" time="9.081" errors="0">
  <testcase name="m1" time="9.081" classname="pages.LoginPage"/>
</testsuite> <!-- pages.LoginPage -->
